<?xml version="1.0" encoding="UTF-8"?>
<testsuite name="TxtExctractTest" tests="3" skipped="0" failures="0" errors="0" timestamp="2021-04-07T09:03:04" hostname="DESKTOP-HL7TASU" time="0.005">
  <properties/>
  <testcase name="dataFilterTest()" classname="TxtExctractTest" time="0.001"/>
  <testcase name="readTxtTest()" classname="TxtExctractTest" time="0.002"/>
  <testcase name="nameTest()" classname="TxtExctractTest" time="0.001"/>
  <system-out><![CDATA[prospects.txt

[Claes Månsson, 1300.55, 8.67, 2]
false
]]></system-out>
  <system-err><![CDATA[]]></system-err>
</testsuite>
